  Project A.c
C:\Users\user\Desktop\Project A\Project A\Project A.h(55,35): warning C4244: '초기화 중': 'double'에서 'int'(으)로 변환하면서 데이터가 손실될 수 있습니다.
  (소스 파일 'Project%20A.c'을(를) 컴파일하는 중)
  
C:\Users\user\Desktop\Project A\Project A\Project A.h(209,25): warning C4013: 'calculateSellPrice'이(가) 정의되지 않았습니다. extern은 int형을 반환하는 것으로 간주합니다.
  (소스 파일 'Project%20A.c'을(를) 컴파일하는 중)
  
C:\Users\user\Desktop\Project A\Project A\Project A.h(220,30): warning C4244: '함수': 'const float'에서 'DWORD'(으)로 변환하면서 데이터가 손실될 수 있습니다.
  (소스 파일 'Project%20A.c'을(를) 컴파일하는 중)
  
C:\Users\user\Desktop\Project A\Project A\Project A.h(214,21): warning C4305: '초기화 중': 'double'에서 'const float'(으)로 잘립니다.
  (소스 파일 'Project%20A.c'을(를) 컴파일하는 중)
  
C:\Users\user\Desktop\Project A\Project A\Project A.h(386,50): warning C4244: '초기화 중': 'double'에서 'int'(으)로 변환하면서 데이터가 손실될 수 있습니다.
  (소스 파일 'Project%20A.c'을(를) 컴파일하는 중)
  
C:\Users\user\Desktop\Project A\Project A\Project A.h(539,30): warning C4013: 'calculateSellPrice_HARD'이(가) 정의되지 않았습니다. extern은 int형을 반환하는 것으로 간주합니다.
  (소스 파일 'Project%20A.c'을(를) 컴파일하는 중)
  
C:\Users\user\Desktop\Project A\Project A\Project A.h(550,35): warning C4244: '함수': 'const float'에서 'DWORD'(으)로 변환하면서 데이터가 손실될 수 있습니다.
  (소스 파일 'Project%20A.c'을(를) 컴파일하는 중)
  
C:\Users\user\Desktop\Project A\Project A\Project A.h(544,21): warning C4305: '초기화 중': 'double'에서 'const float'(으)로 잘립니다.
  (소스 파일 'Project%20A.c'을(를) 컴파일하는 중)
  
C:\Users\user\Desktop\Project A\Project A\Project A.c(47,103): warning C4244: '함수': 'time_t'에서 'int'(으)로 변환하면서 데이터가 손실될 수 있습니다.
C:\Users\user\Desktop\Project A\Project A\Project A.c(129,36): warning C4244: '함수': 'const float'에서 'DWORD'(으)로 변환하면서 데이터가 손실될 수 있습니다.
C:\Users\user\Desktop\Project A\Project A\Project A.c(250,38): warning C4244: '함수': 'const float'에서 'DWORD'(으)로 변환하면서 데이터가 손실될 수 있습니다.
C:\Users\user\Desktop\Project A\Project A\Project A.c(279,38): warning C4244: '함수': 'const float'에서 'DWORD'(으)로 변환하면서 데이터가 손실될 수 있습니다.
C:\Users\user\Desktop\Project A\Project A\Project A.c(304,38): warning C4244: '함수': 'const float'에서 'DWORD'(으)로 변환하면서 데이터가 손실될 수 있습니다.
C:\Users\user\Desktop\Project A\Project A\Project A.c(357,42): warning C4244: '함수': 'const float'에서 'DWORD'(으)로 변환하면서 데이터가 손실될 수 있습니다.
C:\Users\user\Desktop\Project A\Project A\Project A.c(389,151): warning C4244: '함수': 'time_t'에서 'int'(으)로 변환하면서 데이터가 손실될 수 있습니다.
C:\Users\user\Desktop\Project A\Project A\Project A.c(470,41): warning C4244: '함수': 'const float'에서 'DWORD'(으)로 변환하면서 데이터가 손실될 수 있습니다.
C:\Users\user\Desktop\Project A\Project A\Project A.c(592,43): warning C4244: '함수': 'const float'에서 'DWORD'(으)로 변환하면서 데이터가 손실될 수 있습니다.
C:\Users\user\Desktop\Project A\Project A\Project A.c(621,43): warning C4244: '함수': 'const float'에서 'DWORD'(으)로 변환하면서 데이터가 손실될 수 있습니다.
C:\Users\user\Desktop\Project A\Project A\Project A.c(645,43): warning C4244: '함수': 'const float'에서 'DWORD'(으)로 변환하면서 데이터가 손실될 수 있습니다.
C:\Users\user\Desktop\Project A\Project A\Project A.c(695,47): warning C4244: '함수': 'const float'에서 'DWORD'(으)로 변환하면서 데이터가 손실될 수 있습니다.
C:\Users\user\Desktop\Project A\Project A\Project A.c(123,29): warning C4305: '초기화 중': 'double'에서 'const float'(으)로 잘립니다.
C:\Users\user\Desktop\Project A\Project A\Project A.c(244,29): warning C4305: '초기화 중': 'double'에서 'const float'(으)로 잘립니다.
C:\Users\user\Desktop\Project A\Project A\Project A.c(273,29): warning C4305: '초기화 중': 'double'에서 'const float'(으)로 잘립니다.
C:\Users\user\Desktop\Project A\Project A\Project A.c(298,29): warning C4305: '초기화 중': 'double'에서 'const float'(으)로 잘립니다.
C:\Users\user\Desktop\Project A\Project A\Project A.c(351,33): warning C4305: '초기화 중': 'double'에서 'const float'(으)로 잘립니다.
C:\Users\user\Desktop\Project A\Project A\Project A.c(464,29): warning C4305: '초기화 중': 'double'에서 'const float'(으)로 잘립니다.
C:\Users\user\Desktop\Project A\Project A\Project A.c(586,29): warning C4305: '초기화 중': 'double'에서 'const float'(으)로 잘립니다.
C:\Users\user\Desktop\Project A\Project A\Project A.c(615,29): warning C4305: '초기화 중': 'double'에서 'const float'(으)로 잘립니다.
C:\Users\user\Desktop\Project A\Project A\Project A.c(639,29): warning C4305: '초기화 중': 'double'에서 'const float'(으)로 잘립니다.
C:\Users\user\Desktop\Project A\Project A\Project A.c(689,33): warning C4305: '초기화 중': 'double'에서 'const float'(으)로 잘립니다.
C:\Users\user\Desktop\Project A\Project A\Project A.h(247): warning C4715: 'calculateProbability': 모든 제어 경로에서 값을 반환하지는 않습니다.
C:\Users\user\Desktop\Project A\Project A\Project A.h(577): warning C4715: 'calculateProbability_HARD': 모든 제어 경로에서 값을 반환하지는 않습니다.
  Project A.vcxproj -> C:\Users\user\Desktop\Project A\x64\Debug\Project A.exe
